<?xml version="1.0" encoding="UTF-8"?>
<!-- Generated by org.testng.reporters.JUnitXMLReporter -->
<testsuite ignored="0" hostname="DESKTOP-642T1BV" failures="0" tests="14" name="Surefire test" time="72.315" errors="0" timestamp="2026-03-18T00:43:43 IST">
  <testcase classname="tests.loginTest" name="Verify_login_with_valid_credentails" time="2.359"/>
  <testcase classname="tests.loginTest" name="Verify_login_with_invalid_credentails" time="1.598"/>
  <testcase classname="tests.loginTest" name="Verify_login_with_valid_email_and_invalid_pwd" time="1.298"/>
  <testcase classname="tests.loginTest" name="Verify_login_with_invalid_email_and_valid_pwd" time="1.496"/>
  <testcase classname="tests.loginTest" name="Verifyloginwithoutanycredentials" time="1.129"/>
  <testcase classname="tests.LogoutTest" name="logout_from_myaccount_dropmenu" time="2.196"/>
  <testcase classname="tests.LogoutTest" name="logout_from_right_dropmenu" time="1.714"/>
  <testcase classname="tests.RegisterTest" name="Verify_RegisterAccount_using_Mandatory_fields" time="2.476"/>
  <testcase classname="tests.RegisterTest" name="VerifyRegisterAccountusingallrequiredfields" time="2.806"/>
  <testcase classname="tests.RegisterTest" name="VerifyRegisteringBysubscribingtoothenewsletter" time="3.137"/>
  <testcase classname="tests.RegisterTest" name="VerifyRegisteringBynotsubscribingtoothenewsletter" time="3.08"/>
  <testcase classname="tests.searchTest" name="searching_with_an_existing_Product_Name" time="1.571"/>
  <testcase classname="tests.searchTest" name="searching_with_a_non_existing_Product_Name" time="0.755"/>
  <testcase classname="tests.searchTest" name="searching_without_providing_any_Product_Name" time="0.492"/>
</testsuite> <!-- Surefire test -->
