<?xml version="1.0" encoding="UTF-8"?>
<!-- Generated by org.testng.reporters.JUnitXMLReporter -->
<testsuite ignored="0" hostname="DESKTOP-642T1BV" failures="0" tests="14" name="Surefire test" time="118.14" errors="0" timestamp="2026-03-17T00:36:16 IST">
  <testcase classname="tests.loginTest" name="Verify_login_with_valid_credentails" time="2.948"/>
  <testcase classname="tests.loginTest" name="Verify_login_with_invalid_credentails" time="2.201"/>
  <testcase classname="tests.loginTest" name="Verify_login_with_valid_email_and_invalid_pwd" time="1.919"/>
  <testcase classname="tests.loginTest" name="Verify_login_with_invalid_email_and_valid_pwd" time="2.186"/>
  <testcase classname="tests.loginTest" name="Verifyloginwithoutanycredentials" time="1.493"/>
  <testcase classname="tests.LogoutTest" name="logout_from_myaccount_dropmenu" time="1.972"/>
  <testcase classname="tests.LogoutTest" name="logout_from_right_dropmenu" time="2.045"/>
  <testcase classname="tests.RegisterTest" name="Verify_RegisterAccount_using_Mandatory_fields" time="5.41"/>
  <testcase classname="tests.RegisterTest" name="VerifyRegisterAccountusingallrequiredfields" time="6.746"/>
  <testcase classname="tests.RegisterTest" name="VerifyRegisteringBysubscribingtoothenewsletter" time="7.487"/>
  <testcase classname="tests.RegisterTest" name="VerifyRegisteringBynotsubscribingtoothenewsletter" time="6.966"/>
  <testcase classname="tests.searchTest" name="searching_with_an_existing_Product_Name" time="1.387"/>
  <testcase classname="tests.searchTest" name="searching_with_a_non_existing_Product_Name" time="0.907"/>
  <testcase classname="tests.searchTest" name="searching_without_providing_any_Product_Name" time="1.119"/>
</testsuite> <!-- Surefire test -->
