<?xml version="1.0" encoding="UTF-8"?>
<!-- Generated by org.testng.reporters.JUnitXMLReporter -->
<testsuite ignored="0" hostname="DESKTOP-642T1BV" failures="0" tests="5" name="Default test" time="28.782" errors="0" timestamp="2026-03-14T17:54:06 IST">
  <testcase classname="tests.loginTest" name="Verify_login_with_valid_credentails" time="2.124"/>
  <testcase classname="tests.loginTest" name="Verify_login_with_invalid_credentails" time="1.745"/>
  <testcase classname="tests.loginTest" name="Verify_login_with_valid_email_and_invalid_pwd" time="1.211"/>
  <testcase classname="tests.loginTest" name="Verify_login_with_invalid_email_and_valid_pwd" time="1.221"/>
  <testcase classname="tests.loginTest" name="Verifyloginwithoutanycredentials" time="0.994"/>
</testsuite> <!-- Default test -->
