<?xml version="1.0" encoding="UTF-8"?>
<!-- Generated by org.testng.reporters.JUnitXMLReporter -->
<testsuite ignored="0" hostname="DESKTOP-642T1BV" failures="0" tests="14" name="Test" time="67.874" errors="0" timestamp="2026-03-14T13:52:23 IST">
  <testcase classname="tests.loginTest" name="Verify_login_with_valid_credentails" time="1.552"/>
  <testcase classname="tests.loginTest" name="Verify_login_with_invalid_credentails" time="1.758"/>
  <testcase classname="tests.loginTest" name="Verify_login_with_valid_email_and_invalid_pwd" time="1.248"/>
  <testcase classname="tests.loginTest" name="Verify_login_with_invalid_email_and_valid_pwd" time="1.151"/>
  <testcase classname="tests.loginTest" name="Verifyloginwithoutanycredentials" time="0.985"/>
  <testcase classname="tests.RegisterTest" name="Verify_RegisterAccount_using_Mandatory_fields" time="2.28"/>
  <testcase classname="tests.RegisterTest" name="VerifyRegisterAccountusingallrequiredfields" time="4.512"/>
  <testcase classname="tests.RegisterTest" name="VerifyRegisteringBysubscribingtoothenewsletter" time="3.494"/>
  <testcase classname="tests.RegisterTest" name="VerifyRegisteringBynotsubscribingtoothenewsletter" time="2.941"/>
  <testcase classname="tests.searchTest" name="searching_with_an_existing_Product_Name" time="1.319"/>
  <testcase classname="tests.searchTest" name="searching_with_a_non_existing_Product_Name" time="0.515"/>
  <testcase classname="tests.searchTest" name="searching_without_providing_any_Product_Name" time="1.086"/>
  <testcase classname="tests.LogoutTest" name="logout_from_myaccount_dropmenu" time="1.711"/>
  <testcase classname="tests.LogoutTest" name="logout_from_right_dropmenu" time="1.61"/>
</testsuite> <!-- Test -->
