<?xml version="1.0" encoding="UTF-8"?>
<!-- Generated by org.testng.reporters.JUnitXMLReporter -->
<testsuite ignored="0" hostname="DESKTOP-642T1BV" failures="0" tests="14" name="Test" time="72.677" errors="0" timestamp="2026-03-18T00:19:53 IST">
  <testcase classname="tests.loginTest" name="Verify_login_with_valid_credentails" time="1.827"/>
  <testcase classname="tests.loginTest" name="Verify_login_with_invalid_credentails" time="1.38"/>
  <testcase classname="tests.loginTest" name="Verify_login_with_valid_email_and_invalid_pwd" time="1.417"/>
  <testcase classname="tests.loginTest" name="Verify_login_with_invalid_email_and_valid_pwd" time="3.078"/>
  <testcase classname="tests.loginTest" name="Verifyloginwithoutanycredentials" time="1.004"/>
  <testcase classname="tests.RegisterTest" name="Verify_RegisterAccount_using_Mandatory_fields" time="2.393"/>
  <testcase classname="tests.RegisterTest" name="VerifyRegisterAccountusingallrequiredfields" time="3.024"/>
  <testcase classname="tests.RegisterTest" name="VerifyRegisteringBysubscribingtoothenewsletter" time="3.241"/>
  <testcase classname="tests.RegisterTest" name="VerifyRegisteringBynotsubscribingtoothenewsletter" time="2.987"/>
  <testcase classname="tests.searchTest" name="searching_with_an_existing_Product_Name" time="1.295"/>
  <testcase classname="tests.searchTest" name="searching_with_a_non_existing_Product_Name" time="1.482"/>
  <testcase classname="tests.searchTest" name="searching_without_providing_any_Product_Name" time="0.385"/>
  <testcase classname="tests.LogoutTest" name="logout_from_myaccount_dropmenu" time="1.559"/>
  <testcase classname="tests.LogoutTest" name="logout_from_right_dropmenu" time="2.323"/>
</testsuite> <!-- Test -->
