<?xml version="1.0" encoding="UTF-8"?>
<testng-results ignored="0" total="14" passed="14" failed="0" skipped="0">
  <reporter-output>
  </reporter-output>
  <suite started-at="2026-03-18T00:42:30 IST" name="Surefire suite" finished-at="2026-03-18T00:43:43 IST" duration-ms="72315">
    <groups>
    </groups>
    <test started-at="2026-03-18T00:42:30 IST" name="Surefire test" finished-at="2026-03-18T00:43:43 IST" duration-ms="72315">
      <class name="tests.searchTest">
        <test-method is-config="true" signature="setup()[pri:0, instance:tests.searchTest@4b0b0854]" started-at="2026-03-18T00:43:29 IST" name="setup" finished-at="2026-03-18T00:43:32 IST" duration-ms="2952" status="PASS">
          <reporter-output>
          </reporter-output>
        </test-method> <!-- setup -->
        <test-method signature="searching_with_an_existing_Product_Name()[pri:1, instance:tests.searchTest@4b0b0854]" started-at="2026-03-18T00:43:32 IST" name="searching_with_an_existing_Product_Name" finished-at="2026-03-18T00:43:34 IST" duration-ms="1571" status="PASS">
          <reporter-output>
          </reporter-output>
        </test-method> <!-- searching_with_an_existing_Product_Name -->
        <test-method is-config="true" signature="teardown()[pri:0, instance:tests.searchTest@4b0b0854]" started-at="2026-03-18T00:43:34 IST" name="teardown" finished-at="2026-03-18T00:43:34 IST" duration-ms="259" status="PASS">
          <reporter-output>
          </reporter-output>
        </test-method> <!-- teardown -->
        <test-method is-config="true" signature="setup()[pri:0, instance:tests.searchTest@4b0b0854]" started-at="2026-03-18T00:43:34 IST" name="setup" finished-at="2026-03-18T00:43:37 IST" duration-ms="3422" status="PASS">
          <reporter-output>
          </reporter-output>
        </test-method> <!-- setup -->
        <test-method signature="searching_with_a_non_existing_Product_Name()[pri:2, instance:tests.searchTest@4b0b0854]" started-at="2026-03-18T00:43:37 IST" name="searching_with_a_non_existing_Product_Name" finished-at="2026-03-18T00:43:38 IST" duration-ms="755" status="PASS">
          <reporter-output>
          </reporter-output>
        </test-method> <!-- searching_with_a_non_existing_Product_Name -->
        <test-method is-config="true" signature="teardown()[pri:0, instance:tests.searchTest@4b0b0854]" started-at="2026-03-18T00:43:38 IST" name="teardown" finished-at="2026-03-18T00:43:38 IST" duration-ms="274" status="PASS">
          <reporter-output>
          </reporter-output>
        </test-method> <!-- teardown -->
        <test-method is-config="true" signature="setup()[pri:0, instance:tests.searchTest@4b0b0854]" started-at="2026-03-18T00:43:38 IST" name="setup" finished-at="2026-03-18T00:43:42 IST" duration-ms="3568" status="PASS">
          <reporter-output>
          </reporter-output>
        </test-method> <!-- setup -->
        <test-method signature="searching_without_providing_any_Product_Name()[pri:3, instance:tests.searchTest@4b0b0854]" started-at="2026-03-18T00:43:42 IST" name="searching_without_providing_any_Product_Name" finished-at="2026-03-18T00:43:42 IST" duration-ms="492" status="PASS">
          <reporter-output>
          </reporter-output>
        </test-method> <!-- searching_without_providing_any_Product_Name -->
        <test-method is-config="true" signature="teardown()[pri:0, instance:tests.searchTest@4b0b0854]" started-at="2026-03-18T00:43:42 IST" name="teardown" finished-at="2026-03-18T00:43:43 IST" duration-ms="281" status="PASS">
          <reporter-output>
          </reporter-output>
        </test-method> <!-- teardown -->
      </class> <!-- tests.searchTest -->
      <class name="tests.loginTest">
        <test-method is-config="true" signature="setup()[pri:0, instance:tests.loginTest@7adda9cc]" started-at="2026-03-18T00:42:30 IST" name="setup" finished-at="2026-03-18T00:42:37 IST" duration-ms="6570" status="PASS">
          <reporter-output>
          </reporter-output>
        </test-method> <!-- setup -->
        <test-method signature="Verify_login_with_valid_credentails()[pri:0, instance:tests.loginTest@7adda9cc]" started-at="2026-03-18T00:42:37 IST" name="Verify_login_with_valid_credentails" finished-at="2026-03-18T00:42:39 IST" duration-ms="2359" status="PASS">
          <reporter-output>
          </reporter-output>
        </test-method> <!-- Verify_login_with_valid_credentails -->
        <test-method is-config="true" signature="teardown()[pri:0, instance:tests.loginTest@7adda9cc]" started-at="2026-03-18T00:42:39 IST" name="teardown" finished-at="2026-03-18T00:42:40 IST" duration-ms="354" status="PASS">
          <reporter-output>
          </reporter-output>
        </test-method> <!-- teardown -->
        <test-method is-config="true" signature="setup()[pri:0, instance:tests.loginTest@7adda9cc]" started-at="2026-03-18T00:42:40 IST" name="setup" finished-at="2026-03-18T00:42:42 IST" duration-ms="2675" status="PASS">
          <reporter-output>
          </reporter-output>
        </test-method> <!-- setup -->
        <test-method signature="Verify_login_with_invalid_credentails()[pri:2, instance:tests.loginTest@7adda9cc]" started-at="2026-03-18T00:42:42 IST" name="Verify_login_with_invalid_credentails" finished-at="2026-03-18T00:42:44 IST" duration-ms="1598" status="PASS">
          <reporter-output>
          </reporter-output>
        </test-method> <!-- Verify_login_with_invalid_credentails -->
        <test-method is-config="true" signature="teardown()[pri:0, instance:tests.loginTest@7adda9cc]" started-at="2026-03-18T00:42:44 IST" name="teardown" finished-at="2026-03-18T00:42:44 IST" duration-ms="238" status="PASS">
          <reporter-output>
          </reporter-output>
        </test-method> <!-- teardown -->
        <test-method is-config="true" signature="setup()[pri:0, instance:tests.loginTest@7adda9cc]" started-at="2026-03-18T00:42:44 IST" name="setup" finished-at="2026-03-18T00:42:47 IST" duration-ms="2493" status="PASS">
          <reporter-output>
          </reporter-output>
        </test-method> <!-- setup -->
        <test-method signature="Verify_login_with_valid_email_and_invalid_pwd()[pri:3, instance:tests.loginTest@7adda9cc]" started-at="2026-03-18T00:42:47 IST" name="Verify_login_with_valid_email_and_invalid_pwd" finished-at="2026-03-18T00:42:48 IST" duration-ms="1298" status="PASS">
          <reporter-output>
          </reporter-output>
        </test-method> <!-- Verify_login_with_valid_email_and_invalid_pwd -->
        <test-method is-config="true" signature="teardown()[pri:0, instance:tests.loginTest@7adda9cc]" started-at="2026-03-18T00:42:48 IST" name="teardown" finished-at="2026-03-18T00:42:48 IST" duration-ms="260" status="PASS">
          <reporter-output>
          </reporter-output>
        </test-method> <!-- teardown -->
        <test-method is-config="true" signature="setup()[pri:0, instance:tests.loginTest@7adda9cc]" started-at="2026-03-18T00:42:48 IST" name="setup" finished-at="2026-03-18T00:42:51 IST" duration-ms="2355" status="PASS">
          <reporter-output>
          </reporter-output>
        </test-method> <!-- setup -->
        <test-method signature="Verify_login_with_invalid_email_and_valid_pwd()[pri:4, instance:tests.loginTest@7adda9cc]" started-at="2026-03-18T00:42:51 IST" name="Verify_login_with_invalid_email_and_valid_pwd" finished-at="2026-03-18T00:42:52 IST" duration-ms="1496" status="PASS">
          <reporter-output>
          </reporter-output>
        </test-method> <!-- Verify_login_with_invalid_email_and_valid_pwd -->
        <test-method is-config="true" signature="teardown()[pri:0, instance:tests.loginTest@7adda9cc]" started-at="2026-03-18T00:42:52 IST" name="teardown" finished-at="2026-03-18T00:42:52 IST" duration-ms="277" status="PASS">
          <reporter-output>
          </reporter-output>
        </test-method> <!-- teardown -->
        <test-method is-config="true" signature="setup()[pri:0, instance:tests.loginTest@7adda9cc]" started-at="2026-03-18T00:42:52 IST" name="setup" finished-at="2026-03-18T00:42:55 IST" duration-ms="2276" status="PASS">
          <reporter-output>
          </reporter-output>
        </test-method> <!-- setup -->
        <test-method signature="Verifyloginwithoutanycredentials()[pri:5, instance:tests.loginTest@7adda9cc]" started-at="2026-03-18T00:42:55 IST" name="Verifyloginwithoutanycredentials" finished-at="2026-03-18T00:42:56 IST" duration-ms="1129" status="PASS">
          <reporter-output>
          </reporter-output>
        </test-method> <!-- Verifyloginwithoutanycredentials -->
        <test-method is-config="true" signature="teardown()[pri:0, instance:tests.loginTest@7adda9cc]" started-at="2026-03-18T00:42:56 IST" name="teardown" finished-at="2026-03-18T00:42:56 IST" duration-ms="318" status="PASS">
          <reporter-output>
          </reporter-output>
        </test-method> <!-- teardown -->
      </class> <!-- tests.loginTest -->
      <class name="tests.RegisterTest">
        <test-method is-config="true" signature="setup()[pri:0, instance:tests.RegisterTest@e056f20]" started-at="2026-03-18T00:43:07 IST" name="setup" finished-at="2026-03-18T00:43:09 IST" duration-ms="2364" status="PASS">
          <reporter-output>
          </reporter-output>
        </test-method> <!-- setup -->
        <test-method signature="Verify_RegisterAccount_using_Mandatory_fields()[pri:1, instance:tests.RegisterTest@e056f20]" started-at="2026-03-18T00:43:09 IST" name="Verify_RegisterAccount_using_Mandatory_fields" finished-at="2026-03-18T00:43:12 IST" duration-ms="2476" status="PASS">
          <reporter-output>
          </reporter-output>
        </test-method> <!-- Verify_RegisterAccount_using_Mandatory_fields -->
        <test-method is-config="true" signature="teardown()[pri:0, instance:tests.RegisterTest@e056f20]" started-at="2026-03-18T00:43:12 IST" name="teardown" finished-at="2026-03-18T00:43:12 IST" duration-ms="271" status="PASS">
          <reporter-output>
          </reporter-output>
        </test-method> <!-- teardown -->
        <test-method is-config="true" signature="setup()[pri:0, instance:tests.RegisterTest@e056f20]" started-at="2026-03-18T00:43:12 IST" name="setup" finished-at="2026-03-18T00:43:15 IST" duration-ms="2312" status="PASS">
          <reporter-output>
          </reporter-output>
        </test-method> <!-- setup -->
        <test-method signature="VerifyRegisterAccountusingallrequiredfields()[pri:2, instance:tests.RegisterTest@e056f20]" started-at="2026-03-18T00:43:15 IST" name="VerifyRegisterAccountusingallrequiredfields" finished-at="2026-03-18T00:43:17 IST" duration-ms="2806" status="PASS">
          <reporter-output>
          </reporter-output>
        </test-method> <!-- VerifyRegisterAccountusingallrequiredfields -->
        <test-method is-config="true" signature="teardown()[pri:0, instance:tests.RegisterTest@e056f20]" started-at="2026-03-18T00:43:17 IST" name="teardown" finished-at="2026-03-18T00:43:18 IST" duration-ms="267" status="PASS">
          <reporter-output>
          </reporter-output>
        </test-method> <!-- teardown -->
        <test-method is-config="true" signature="setup()[pri:0, instance:tests.RegisterTest@e056f20]" started-at="2026-03-18T00:43:18 IST" name="setup" finished-at="2026-03-18T00:43:20 IST" duration-ms="2399" status="PASS">
          <reporter-output>
          </reporter-output>
        </test-method> <!-- setup -->
        <test-method signature="VerifyRegisteringBysubscribingtoothenewsletter()[pri:3, instance:tests.RegisterTest@e056f20]" started-at="2026-03-18T00:43:20 IST" name="VerifyRegisteringBysubscribingtoothenewsletter" finished-at="2026-03-18T00:43:23 IST" duration-ms="3137" status="PASS">
          <reporter-output>
          </reporter-output>
        </test-method> <!-- VerifyRegisteringBysubscribingtoothenewsletter -->
        <test-method is-config="true" signature="teardown()[pri:0, instance:tests.RegisterTest@e056f20]" started-at="2026-03-18T00:43:23 IST" name="teardown" finished-at="2026-03-18T00:43:23 IST" duration-ms="278" status="PASS">
          <reporter-output>
          </reporter-output>
        </test-method> <!-- teardown -->
        <test-method is-config="true" signature="setup()[pri:0, instance:tests.RegisterTest@e056f20]" started-at="2026-03-18T00:43:23 IST" name="setup" finished-at="2026-03-18T00:43:26 IST" duration-ms="2352" status="PASS">
          <reporter-output>
          </reporter-output>
        </test-method> <!-- setup -->
        <test-method signature="VerifyRegisteringBynotsubscribingtoothenewsletter()[pri:4, instance:tests.RegisterTest@e056f20]" started-at="2026-03-18T00:43:26 IST" name="VerifyRegisteringBynotsubscribingtoothenewsletter" finished-at="2026-03-18T00:43:29 IST" duration-ms="3080" status="PASS">
          <reporter-output>
          </reporter-output>
        </test-method> <!-- VerifyRegisteringBynotsubscribingtoothenewsletter -->
        <test-method is-config="true" signature="teardown()[pri:0, instance:tests.RegisterTest@e056f20]" started-at="2026-03-18T00:43:29 IST" name="teardown" finished-at="2026-03-18T00:43:29 IST" duration-ms="252" status="PASS">
          <reporter-output>
          </reporter-output>
        </test-method> <!-- teardown -->
      </class> <!-- tests.RegisterTest -->
      <class name="tests.LogoutTest">
        <test-method is-config="true" signature="setup()[pri:0, instance:tests.LogoutTest@34b7ac2f]" started-at="2026-03-18T00:42:56 IST" name="setup" finished-at="2026-03-18T00:43:00 IST" duration-ms="3419" status="PASS">
          <reporter-output>
          </reporter-output>
        </test-method> <!-- setup -->
        <test-method signature="logout_from_myaccount_dropmenu()[pri:1, instance:tests.LogoutTest@34b7ac2f]" started-at="2026-03-18T00:43:00 IST" name="logout_from_myaccount_dropmenu" finished-at="2026-03-18T00:43:02 IST" duration-ms="2196" status="PASS">
          <reporter-output>
          </reporter-output>
        </test-method> <!-- logout_from_myaccount_dropmenu -->
        <test-method is-config="true" signature="teardown()[pri:0, instance:tests.LogoutTest@34b7ac2f]" started-at="2026-03-18T00:43:02 IST" name="teardown" finished-at="2026-03-18T00:43:02 IST" duration-ms="276" status="PASS">
          <reporter-output>
          </reporter-output>
        </test-method> <!-- teardown -->
        <test-method is-config="true" signature="setup()[pri:0, instance:tests.LogoutTest@34b7ac2f]" started-at="2026-03-18T00:43:02 IST" name="setup" finished-at="2026-03-18T00:43:05 IST" duration-ms="3036" status="PASS">
          <reporter-output>
          </reporter-output>
        </test-method> <!-- setup -->
        <test-method signature="logout_from_right_dropmenu()[pri:2, instance:tests.LogoutTest@34b7ac2f]" started-at="2026-03-18T00:43:05 IST" name="logout_from_right_dropmenu" finished-at="2026-03-18T00:43:07 IST" duration-ms="1714" status="PASS">
          <reporter-output>
          </reporter-output>
        </test-method> <!-- logout_from_right_dropmenu -->
        <test-method is-config="true" signature="teardown()[pri:0, instance:tests.LogoutTest@34b7ac2f]" started-at="2026-03-18T00:43:07 IST" name="teardown" finished-at="2026-03-18T00:43:07 IST" duration-ms="284" status="PASS">
          <reporter-output>
          </reporter-output>
        </test-method> <!-- teardown -->
      </class> <!-- tests.LogoutTest -->
    </test> <!-- Surefire test -->
  </suite> <!-- Surefire suite -->
</testng-results>
