<?xml version="1.0" encoding="UTF-8"?>
<testng-results ignored="0" total="14" passed="14" failed="0" skipped="0">
  <reporter-output>
  </reporter-output>
  <suite started-at="2026-03-17T00:34:18 IST" name="Surefire suite" finished-at="2026-03-17T00:36:16 IST" duration-ms="118140">
    <groups>
    </groups>
    <test started-at="2026-03-17T00:34:18 IST" name="Surefire test" finished-at="2026-03-17T00:36:16 IST" duration-ms="118140">
      <class name="tests.searchTest">
        <test-method is-config="true" signature="setup()[pri:0, instance:tests.searchTest@353d0772]" started-at="2026-03-17T00:35:54 IST" name="setup" finished-at="2026-03-17T00:36:01 IST" duration-ms="6834" status="PASS">
          <reporter-output>
          </reporter-output>
        </test-method> <!-- setup -->
        <test-method signature="searching_with_an_existing_Product_Name()[pri:1, instance:tests.searchTest@353d0772]" started-at="2026-03-17T00:36:01 IST" name="searching_with_an_existing_Product_Name" finished-at="2026-03-17T00:36:02 IST" duration-ms="1387" status="PASS">
          <reporter-output>
          </reporter-output>
        </test-method> <!-- searching_with_an_existing_Product_Name -->
        <test-method is-config="true" signature="teardown()[pri:0, instance:tests.searchTest@353d0772]" started-at="2026-03-17T00:36:02 IST" name="teardown" finished-at="2026-03-17T00:36:02 IST" duration-ms="402" status="PASS">
          <reporter-output>
          </reporter-output>
        </test-method> <!-- teardown -->
        <test-method is-config="true" signature="setup()[pri:0, instance:tests.searchTest@353d0772]" started-at="2026-03-17T00:36:02 IST" name="setup" finished-at="2026-03-17T00:36:08 IST" duration-ms="5808" status="PASS">
          <reporter-output>
          </reporter-output>
        </test-method> <!-- setup -->
        <test-method signature="searching_with_a_non_existing_Product_Name()[pri:2, instance:tests.searchTest@353d0772]" started-at="2026-03-17T00:36:08 IST" name="searching_with_a_non_existing_Product_Name" finished-at="2026-03-17T00:36:09 IST" duration-ms="907" status="PASS">
          <reporter-output>
          </reporter-output>
        </test-method> <!-- searching_with_a_non_existing_Product_Name -->
        <test-method is-config="true" signature="teardown()[pri:0, instance:tests.searchTest@353d0772]" started-at="2026-03-17T00:36:09 IST" name="teardown" finished-at="2026-03-17T00:36:09 IST" duration-ms="350" status="PASS">
          <reporter-output>
          </reporter-output>
        </test-method> <!-- teardown -->
        <test-method is-config="true" signature="setup()[pri:0, instance:tests.searchTest@353d0772]" started-at="2026-03-17T00:36:09 IST" name="setup" finished-at="2026-03-17T00:36:15 IST" duration-ms="5192" status="PASS">
          <reporter-output>
          </reporter-output>
        </test-method> <!-- setup -->
        <test-method signature="searching_without_providing_any_Product_Name()[pri:3, instance:tests.searchTest@353d0772]" started-at="2026-03-17T00:36:15 IST" name="searching_without_providing_any_Product_Name" finished-at="2026-03-17T00:36:16 IST" duration-ms="1119" status="PASS">
          <reporter-output>
          </reporter-output>
        </test-method> <!-- searching_without_providing_any_Product_Name -->
        <test-method is-config="true" signature="teardown()[pri:0, instance:tests.searchTest@353d0772]" started-at="2026-03-17T00:36:16 IST" name="teardown" finished-at="2026-03-17T00:36:16 IST" duration-ms="382" status="PASS">
          <reporter-output>
          </reporter-output>
        </test-method> <!-- teardown -->
      </class> <!-- tests.searchTest -->
      <class name="tests.loginTest">
        <test-method is-config="true" signature="setup()[pri:0, instance:tests.loginTest@5c909414]" started-at="2026-03-17T00:34:18 IST" name="setup" finished-at="2026-03-17T00:34:26 IST" duration-ms="7510" status="PASS">
          <reporter-output>
          </reporter-output>
        </test-method> <!-- setup -->
        <test-method signature="Verify_login_with_valid_credentails()[pri:0, instance:tests.loginTest@5c909414]" started-at="2026-03-17T00:34:26 IST" name="Verify_login_with_valid_credentails" finished-at="2026-03-17T00:34:29 IST" duration-ms="2948" status="PASS">
          <reporter-output>
          </reporter-output>
        </test-method> <!-- Verify_login_with_valid_credentails -->
        <test-method is-config="true" signature="teardown()[pri:0, instance:tests.loginTest@5c909414]" started-at="2026-03-17T00:34:29 IST" name="teardown" finished-at="2026-03-17T00:34:29 IST" duration-ms="501" status="PASS">
          <reporter-output>
          </reporter-output>
        </test-method> <!-- teardown -->
        <test-method is-config="true" signature="setup()[pri:0, instance:tests.loginTest@5c909414]" started-at="2026-03-17T00:34:29 IST" name="setup" finished-at="2026-03-17T00:34:33 IST" duration-ms="3633" status="PASS">
          <reporter-output>
          </reporter-output>
        </test-method> <!-- setup -->
        <test-method signature="Verify_login_with_invalid_credentails()[pri:2, instance:tests.loginTest@5c909414]" started-at="2026-03-17T00:34:33 IST" name="Verify_login_with_invalid_credentails" finished-at="2026-03-17T00:34:35 IST" duration-ms="2201" status="PASS">
          <reporter-output>
          </reporter-output>
        </test-method> <!-- Verify_login_with_invalid_credentails -->
        <test-method is-config="true" signature="teardown()[pri:0, instance:tests.loginTest@5c909414]" started-at="2026-03-17T00:34:35 IST" name="teardown" finished-at="2026-03-17T00:34:35 IST" duration-ms="377" status="PASS">
          <reporter-output>
          </reporter-output>
        </test-method> <!-- teardown -->
        <test-method is-config="true" signature="setup()[pri:0, instance:tests.loginTest@5c909414]" started-at="2026-03-17T00:34:35 IST" name="setup" finished-at="2026-03-17T00:34:38 IST" duration-ms="3008" status="PASS">
          <reporter-output>
          </reporter-output>
        </test-method> <!-- setup -->
        <test-method signature="Verify_login_with_valid_email_and_invalid_pwd()[pri:3, instance:tests.loginTest@5c909414]" started-at="2026-03-17T00:34:38 IST" name="Verify_login_with_valid_email_and_invalid_pwd" finished-at="2026-03-17T00:34:40 IST" duration-ms="1919" status="PASS">
          <reporter-output>
          </reporter-output>
        </test-method> <!-- Verify_login_with_valid_email_and_invalid_pwd -->
        <test-method is-config="true" signature="teardown()[pri:0, instance:tests.loginTest@5c909414]" started-at="2026-03-17T00:34:40 IST" name="teardown" finished-at="2026-03-17T00:34:41 IST" duration-ms="320" status="PASS">
          <reporter-output>
          </reporter-output>
        </test-method> <!-- teardown -->
        <test-method is-config="true" signature="setup()[pri:0, instance:tests.loginTest@5c909414]" started-at="2026-03-17T00:34:41 IST" name="setup" finished-at="2026-03-17T00:34:44 IST" duration-ms="3393" status="PASS">
          <reporter-output>
          </reporter-output>
        </test-method> <!-- setup -->
        <test-method signature="Verify_login_with_invalid_email_and_valid_pwd()[pri:4, instance:tests.loginTest@5c909414]" started-at="2026-03-17T00:34:44 IST" name="Verify_login_with_invalid_email_and_valid_pwd" finished-at="2026-03-17T00:34:46 IST" duration-ms="2186" status="PASS">
          <reporter-output>
          </reporter-output>
        </test-method> <!-- Verify_login_with_invalid_email_and_valid_pwd -->
        <test-method is-config="true" signature="teardown()[pri:0, instance:tests.loginTest@5c909414]" started-at="2026-03-17T00:34:46 IST" name="teardown" finished-at="2026-03-17T00:34:46 IST" duration-ms="313" status="PASS">
          <reporter-output>
          </reporter-output>
        </test-method> <!-- teardown -->
        <test-method is-config="true" signature="setup()[pri:0, instance:tests.loginTest@5c909414]" started-at="2026-03-17T00:34:46 IST" name="setup" finished-at="2026-03-17T00:34:50 IST" duration-ms="3481" status="PASS">
          <reporter-output>
          </reporter-output>
        </test-method> <!-- setup -->
        <test-method signature="Verifyloginwithoutanycredentials()[pri:5, instance:tests.loginTest@5c909414]" started-at="2026-03-17T00:34:50 IST" name="Verifyloginwithoutanycredentials" finished-at="2026-03-17T00:34:51 IST" duration-ms="1493" status="PASS">
          <reporter-output>
          </reporter-output>
        </test-method> <!-- Verifyloginwithoutanycredentials -->
        <test-method is-config="true" signature="teardown()[pri:0, instance:tests.loginTest@5c909414]" started-at="2026-03-17T00:34:51 IST" name="teardown" finished-at="2026-03-17T00:34:52 IST" duration-ms="336" status="PASS">
          <reporter-output>
          </reporter-output>
        </test-method> <!-- teardown -->
      </class> <!-- tests.loginTest -->
      <class name="tests.RegisterTest">
        <test-method is-config="true" signature="setup()[pri:0, instance:tests.RegisterTest@10e41621]" started-at="2026-03-17T00:35:10 IST" name="setup" finished-at="2026-03-17T00:35:14 IST" duration-ms="3370" status="PASS">
          <reporter-output>
          </reporter-output>
        </test-method> <!-- setup -->
        <test-method signature="Verify_RegisterAccount_using_Mandatory_fields()[pri:1, instance:tests.RegisterTest@10e41621]" started-at="2026-03-17T00:35:14 IST" name="Verify_RegisterAccount_using_Mandatory_fields" finished-at="2026-03-17T00:35:19 IST" duration-ms="5410" status="PASS">
          <reporter-output>
          </reporter-output>
        </test-method> <!-- Verify_RegisterAccount_using_Mandatory_fields -->
        <test-method is-config="true" signature="teardown()[pri:0, instance:tests.RegisterTest@10e41621]" started-at="2026-03-17T00:35:19 IST" name="teardown" finished-at="2026-03-17T00:35:19 IST" duration-ms="412" status="PASS">
          <reporter-output>
          </reporter-output>
        </test-method> <!-- teardown -->
        <test-method is-config="true" signature="setup()[pri:0, instance:tests.RegisterTest@10e41621]" started-at="2026-03-17T00:35:19 IST" name="setup" finished-at="2026-03-17T00:35:24 IST" duration-ms="4377" status="PASS">
          <reporter-output>
          </reporter-output>
        </test-method> <!-- setup -->
        <test-method signature="VerifyRegisterAccountusingallrequiredfields()[pri:2, instance:tests.RegisterTest@10e41621]" started-at="2026-03-17T00:35:24 IST" name="VerifyRegisterAccountusingallrequiredfields" finished-at="2026-03-17T00:35:30 IST" duration-ms="6746" status="PASS">
          <reporter-output>
          </reporter-output>
        </test-method> <!-- VerifyRegisterAccountusingallrequiredfields -->
        <test-method is-config="true" signature="teardown()[pri:0, instance:tests.RegisterTest@10e41621]" started-at="2026-03-17T00:35:30 IST" name="teardown" finished-at="2026-03-17T00:35:31 IST" duration-ms="452" status="PASS">
          <reporter-output>
          </reporter-output>
        </test-method> <!-- teardown -->
        <test-method is-config="true" signature="setup()[pri:0, instance:tests.RegisterTest@10e41621]" started-at="2026-03-17T00:35:31 IST" name="setup" finished-at="2026-03-17T00:35:35 IST" duration-ms="3589" status="PASS">
          <reporter-output>
          </reporter-output>
        </test-method> <!-- setup -->
        <test-method signature="VerifyRegisteringBysubscribingtoothenewsletter()[pri:3, instance:tests.RegisterTest@10e41621]" started-at="2026-03-17T00:35:35 IST" name="VerifyRegisteringBysubscribingtoothenewsletter" finished-at="2026-03-17T00:35:42 IST" duration-ms="7487" status="PASS">
          <reporter-output>
          </reporter-output>
        </test-method> <!-- VerifyRegisteringBysubscribingtoothenewsletter -->
        <test-method is-config="true" signature="teardown()[pri:0, instance:tests.RegisterTest@10e41621]" started-at="2026-03-17T00:35:42 IST" name="teardown" finished-at="2026-03-17T00:35:42 IST" duration-ms="404" status="PASS">
          <reporter-output>
          </reporter-output>
        </test-method> <!-- teardown -->
        <test-method is-config="true" signature="setup()[pri:0, instance:tests.RegisterTest@10e41621]" started-at="2026-03-17T00:35:42 IST" name="setup" finished-at="2026-03-17T00:35:46 IST" duration-ms="3890" status="PASS">
          <reporter-output>
          </reporter-output>
        </test-method> <!-- setup -->
        <test-method signature="VerifyRegisteringBynotsubscribingtoothenewsletter()[pri:4, instance:tests.RegisterTest@10e41621]" started-at="2026-03-17T00:35:46 IST" name="VerifyRegisteringBynotsubscribingtoothenewsletter" finished-at="2026-03-17T00:35:53 IST" duration-ms="6966" status="PASS">
          <reporter-output>
          </reporter-output>
        </test-method> <!-- VerifyRegisteringBynotsubscribingtoothenewsletter -->
        <test-method is-config="true" signature="teardown()[pri:0, instance:tests.RegisterTest@10e41621]" started-at="2026-03-17T00:35:53 IST" name="teardown" finished-at="2026-03-17T00:35:54 IST" duration-ms="426" status="PASS">
          <reporter-output>
          </reporter-output>
        </test-method> <!-- teardown -->
      </class> <!-- tests.RegisterTest -->
      <class name="tests.LogoutTest">
        <test-method is-config="true" signature="setup()[pri:0, instance:tests.LogoutTest@19bb07ed]" started-at="2026-03-17T00:34:52 IST" name="setup" finished-at="2026-03-17T00:34:58 IST" duration-ms="6108" status="PASS">
          <reporter-output>
          </reporter-output>
        </test-method> <!-- setup -->
        <test-method signature="logout_from_myaccount_dropmenu()[pri:1, instance:tests.LogoutTest@19bb07ed]" started-at="2026-03-17T00:34:58 IST" name="logout_from_myaccount_dropmenu" finished-at="2026-03-17T00:35:00 IST" duration-ms="1972" status="PASS">
          <reporter-output>
          </reporter-output>
        </test-method> <!-- logout_from_myaccount_dropmenu -->
        <test-method is-config="true" signature="teardown()[pri:0, instance:tests.LogoutTest@19bb07ed]" started-at="2026-03-17T00:35:00 IST" name="teardown" finished-at="2026-03-17T00:35:00 IST" duration-ms="406" status="PASS">
          <reporter-output>
          </reporter-output>
        </test-method> <!-- teardown -->
        <test-method is-config="true" signature="setup()[pri:0, instance:tests.LogoutTest@19bb07ed]" started-at="2026-03-17T00:35:00 IST" name="setup" finished-at="2026-03-17T00:35:08 IST" duration-ms="7537" status="PASS">
          <reporter-output>
          </reporter-output>
        </test-method> <!-- setup -->
        <test-method signature="logout_from_right_dropmenu()[pri:2, instance:tests.LogoutTest@19bb07ed]" started-at="2026-03-17T00:35:08 IST" name="logout_from_right_dropmenu" finished-at="2026-03-17T00:35:10 IST" duration-ms="2045" status="PASS">
          <reporter-output>
          </reporter-output>
        </test-method> <!-- logout_from_right_dropmenu -->
        <test-method is-config="true" signature="teardown()[pri:0, instance:tests.LogoutTest@19bb07ed]" started-at="2026-03-17T00:35:10 IST" name="teardown" finished-at="2026-03-17T00:35:10 IST" duration-ms="360" status="PASS">
          <reporter-output>
          </reporter-output>
        </test-method> <!-- teardown -->
      </class> <!-- tests.LogoutTest -->
    </test> <!-- Surefire test -->
  </suite> <!-- Surefire suite -->
</testng-results>
