<?xml version="1.0" encoding="UTF-8"?>
<testng-results ignored="0" total="14" passed="14" failed="0" skipped="0">
  <reporter-output>
  </reporter-output>
  <suite started-at="2026-03-18T00:18:39 IST" name="Suite" finished-at="2026-03-18T00:19:51 IST" duration-ms="72677">
    <groups>
    </groups>
    <test started-at="2026-03-18T00:18:39 IST" name="Test" finished-at="2026-03-18T00:19:51 IST" duration-ms="72677">
      <class name="tests.searchTest">
        <test-method is-config="true" signature="setup()[pri:0, instance:tests.searchTest@1e800aaa]" started-at="2026-03-18T00:19:29 IST" name="setup" finished-at="2026-03-18T00:19:32 IST" duration-ms="2734" status="PASS">
          <reporter-output>
          </reporter-output>
        </test-method> <!-- setup -->
        <test-method signature="searching_with_an_existing_Product_Name()[pri:1, instance:tests.searchTest@1e800aaa]" started-at="2026-03-18T00:19:32 IST" name="searching_with_an_existing_Product_Name" finished-at="2026-03-18T00:19:33 IST" duration-ms="1295" status="PASS">
          <reporter-output>
          </reporter-output>
        </test-method> <!-- searching_with_an_existing_Product_Name -->
        <test-method is-config="true" signature="teardown()[pri:0, instance:tests.searchTest@1e800aaa]" started-at="2026-03-18T00:19:33 IST" name="teardown" finished-at="2026-03-18T00:19:33 IST" duration-ms="232" status="PASS">
          <reporter-output>
          </reporter-output>
        </test-method> <!-- teardown -->
        <test-method is-config="true" signature="setup()[pri:0, instance:tests.searchTest@1e800aaa]" started-at="2026-03-18T00:19:33 IST" name="setup" finished-at="2026-03-18T00:19:36 IST" duration-ms="2731" status="PASS">
          <reporter-output>
          </reporter-output>
        </test-method> <!-- setup -->
        <test-method signature="searching_with_a_non_existing_Product_Name()[pri:2, instance:tests.searchTest@1e800aaa]" started-at="2026-03-18T00:19:36 IST" name="searching_with_a_non_existing_Product_Name" finished-at="2026-03-18T00:19:37 IST" duration-ms="1482" status="PASS">
          <reporter-output>
          </reporter-output>
        </test-method> <!-- searching_with_a_non_existing_Product_Name -->
        <test-method is-config="true" signature="teardown()[pri:0, instance:tests.searchTest@1e800aaa]" started-at="2026-03-18T00:19:37 IST" name="teardown" finished-at="2026-03-18T00:19:37 IST" duration-ms="205" status="PASS">
          <reporter-output>
          </reporter-output>
        </test-method> <!-- teardown -->
        <test-method is-config="true" signature="setup()[pri:0, instance:tests.searchTest@1e800aaa]" started-at="2026-03-18T00:19:37 IST" name="setup" finished-at="2026-03-18T00:19:41 IST" duration-ms="3486" status="PASS">
          <reporter-output>
          </reporter-output>
        </test-method> <!-- setup -->
        <test-method signature="searching_without_providing_any_Product_Name()[pri:3, instance:tests.searchTest@1e800aaa]" started-at="2026-03-18T00:19:41 IST" name="searching_without_providing_any_Product_Name" finished-at="2026-03-18T00:19:41 IST" duration-ms="385" status="PASS">
          <reporter-output>
          </reporter-output>
        </test-method> <!-- searching_without_providing_any_Product_Name -->
        <test-method is-config="true" signature="teardown()[pri:0, instance:tests.searchTest@1e800aaa]" started-at="2026-03-18T00:19:41 IST" name="teardown" finished-at="2026-03-18T00:19:42 IST" duration-ms="195" status="PASS">
          <reporter-output>
          </reporter-output>
        </test-method> <!-- teardown -->
      </class> <!-- tests.searchTest -->
      <class name="tests.loginTest">
        <test-method is-config="true" signature="setup()[pri:0, instance:tests.loginTest@6771beb3]" started-at="2026-03-18T00:18:39 IST" name="setup" finished-at="2026-03-18T00:18:47 IST" duration-ms="7412" status="PASS">
          <reporter-output>
          </reporter-output>
        </test-method> <!-- setup -->
        <test-method signature="Verify_login_with_valid_credentails()[pri:0, instance:tests.loginTest@6771beb3]" started-at="2026-03-18T00:18:47 IST" name="Verify_login_with_valid_credentails" finished-at="2026-03-18T00:18:48 IST" duration-ms="1827" status="PASS">
          <reporter-output>
          </reporter-output>
        </test-method> <!-- Verify_login_with_valid_credentails -->
        <test-method is-config="true" signature="teardown()[pri:0, instance:tests.loginTest@6771beb3]" started-at="2026-03-18T00:18:48 IST" name="teardown" finished-at="2026-03-18T00:18:49 IST" duration-ms="342" status="PASS">
          <reporter-output>
          </reporter-output>
        </test-method> <!-- teardown -->
        <test-method is-config="true" signature="setup()[pri:0, instance:tests.loginTest@6771beb3]" started-at="2026-03-18T00:18:49 IST" name="setup" finished-at="2026-03-18T00:18:51 IST" duration-ms="2734" status="PASS">
          <reporter-output>
          </reporter-output>
        </test-method> <!-- setup -->
        <test-method signature="Verify_login_with_invalid_credentails()[pri:2, instance:tests.loginTest@6771beb3]" started-at="2026-03-18T00:18:51 IST" name="Verify_login_with_invalid_credentails" finished-at="2026-03-18T00:18:53 IST" duration-ms="1380" status="PASS">
          <reporter-output>
          </reporter-output>
        </test-method> <!-- Verify_login_with_invalid_credentails -->
        <test-method is-config="true" signature="teardown()[pri:0, instance:tests.loginTest@6771beb3]" started-at="2026-03-18T00:18:53 IST" name="teardown" finished-at="2026-03-18T00:18:53 IST" duration-ms="262" status="PASS">
          <reporter-output>
          </reporter-output>
        </test-method> <!-- teardown -->
        <test-method is-config="true" signature="setup()[pri:0, instance:tests.loginTest@6771beb3]" started-at="2026-03-18T00:18:53 IST" name="setup" finished-at="2026-03-18T00:18:56 IST" duration-ms="2577" status="PASS">
          <reporter-output>
          </reporter-output>
        </test-method> <!-- setup -->
        <test-method signature="Verify_login_with_valid_email_and_invalid_pwd()[pri:3, instance:tests.loginTest@6771beb3]" started-at="2026-03-18T00:18:56 IST" name="Verify_login_with_valid_email_and_invalid_pwd" finished-at="2026-03-18T00:18:57 IST" duration-ms="1417" status="PASS">
          <reporter-output>
          </reporter-output>
        </test-method> <!-- Verify_login_with_valid_email_and_invalid_pwd -->
        <test-method is-config="true" signature="teardown()[pri:0, instance:tests.loginTest@6771beb3]" started-at="2026-03-18T00:18:57 IST" name="teardown" finished-at="2026-03-18T00:18:57 IST" duration-ms="256" status="PASS">
          <reporter-output>
          </reporter-output>
        </test-method> <!-- teardown -->
        <test-method is-config="true" signature="setup()[pri:0, instance:tests.loginTest@6771beb3]" started-at="2026-03-18T00:18:57 IST" name="setup" finished-at="2026-03-18T00:19:00 IST" duration-ms="2695" status="PASS">
          <reporter-output>
          </reporter-output>
        </test-method> <!-- setup -->
        <test-method signature="Verify_login_with_invalid_email_and_valid_pwd()[pri:4, instance:tests.loginTest@6771beb3]" started-at="2026-03-18T00:19:00 IST" name="Verify_login_with_invalid_email_and_valid_pwd" finished-at="2026-03-18T00:19:03 IST" duration-ms="3078" status="PASS">
          <reporter-output>
          </reporter-output>
        </test-method> <!-- Verify_login_with_invalid_email_and_valid_pwd -->
        <test-method is-config="true" signature="teardown()[pri:0, instance:tests.loginTest@6771beb3]" started-at="2026-03-18T00:19:03 IST" name="teardown" finished-at="2026-03-18T00:19:03 IST" duration-ms="239" status="PASS">
          <reporter-output>
          </reporter-output>
        </test-method> <!-- teardown -->
        <test-method is-config="true" signature="setup()[pri:0, instance:tests.loginTest@6771beb3]" started-at="2026-03-18T00:19:03 IST" name="setup" finished-at="2026-03-18T00:19:06 IST" duration-ms="2222" status="PASS">
          <reporter-output>
          </reporter-output>
        </test-method> <!-- setup -->
        <test-method signature="Verifyloginwithoutanycredentials()[pri:5, instance:tests.loginTest@6771beb3]" started-at="2026-03-18T00:19:06 IST" name="Verifyloginwithoutanycredentials" finished-at="2026-03-18T00:19:07 IST" duration-ms="1004" status="PASS">
          <reporter-output>
          </reporter-output>
        </test-method> <!-- Verifyloginwithoutanycredentials -->
        <test-method is-config="true" signature="teardown()[pri:0, instance:tests.loginTest@6771beb3]" started-at="2026-03-18T00:19:07 IST" name="teardown" finished-at="2026-03-18T00:19:07 IST" duration-ms="225" status="PASS">
          <reporter-output>
          </reporter-output>
        </test-method> <!-- teardown -->
      </class> <!-- tests.loginTest -->
      <class name="tests.RegisterTest">
        <test-method is-config="true" signature="setup()[pri:0, instance:tests.RegisterTest@5bda8e08]" started-at="2026-03-18T00:19:07 IST" name="setup" finished-at="2026-03-18T00:19:09 IST" duration-ms="2292" status="PASS">
          <reporter-output>
          </reporter-output>
        </test-method> <!-- setup -->
        <test-method signature="Verify_RegisterAccount_using_Mandatory_fields()[pri:1, instance:tests.RegisterTest@5bda8e08]" started-at="2026-03-18T00:19:09 IST" name="Verify_RegisterAccount_using_Mandatory_fields" finished-at="2026-03-18T00:19:11 IST" duration-ms="2393" status="PASS">
          <reporter-output>
          </reporter-output>
        </test-method> <!-- Verify_RegisterAccount_using_Mandatory_fields -->
        <test-method is-config="true" signature="teardown()[pri:0, instance:tests.RegisterTest@5bda8e08]" started-at="2026-03-18T00:19:11 IST" name="teardown" finished-at="2026-03-18T00:19:12 IST" duration-ms="210" status="PASS">
          <reporter-output>
          </reporter-output>
        </test-method> <!-- teardown -->
        <test-method is-config="true" signature="setup()[pri:0, instance:tests.RegisterTest@5bda8e08]" started-at="2026-03-18T00:19:12 IST" name="setup" finished-at="2026-03-18T00:19:14 IST" duration-ms="2432" status="PASS">
          <reporter-output>
          </reporter-output>
        </test-method> <!-- setup -->
        <test-method signature="VerifyRegisterAccountusingallrequiredfields()[pri:2, instance:tests.RegisterTest@5bda8e08]" started-at="2026-03-18T00:19:14 IST" name="VerifyRegisterAccountusingallrequiredfields" finished-at="2026-03-18T00:19:17 IST" duration-ms="3024" status="PASS">
          <reporter-output>
          </reporter-output>
        </test-method> <!-- VerifyRegisterAccountusingallrequiredfields -->
        <test-method is-config="true" signature="teardown()[pri:0, instance:tests.RegisterTest@5bda8e08]" started-at="2026-03-18T00:19:17 IST" name="teardown" finished-at="2026-03-18T00:19:17 IST" duration-ms="344" status="PASS">
          <reporter-output>
          </reporter-output>
        </test-method> <!-- teardown -->
        <test-method is-config="true" signature="setup()[pri:0, instance:tests.RegisterTest@5bda8e08]" started-at="2026-03-18T00:19:17 IST" name="setup" finished-at="2026-03-18T00:19:20 IST" duration-ms="2392" status="PASS">
          <reporter-output>
          </reporter-output>
        </test-method> <!-- setup -->
        <test-method signature="VerifyRegisteringBysubscribingtoothenewsletter()[pri:3, instance:tests.RegisterTest@5bda8e08]" started-at="2026-03-18T00:19:20 IST" name="VerifyRegisteringBysubscribingtoothenewsletter" finished-at="2026-03-18T00:19:23 IST" duration-ms="3241" status="PASS">
          <reporter-output>
          </reporter-output>
        </test-method> <!-- VerifyRegisteringBysubscribingtoothenewsletter -->
        <test-method is-config="true" signature="teardown()[pri:0, instance:tests.RegisterTest@5bda8e08]" started-at="2026-03-18T00:19:23 IST" name="teardown" finished-at="2026-03-18T00:19:23 IST" duration-ms="224" status="PASS">
          <reporter-output>
          </reporter-output>
        </test-method> <!-- teardown -->
        <test-method is-config="true" signature="setup()[pri:0, instance:tests.RegisterTest@5bda8e08]" started-at="2026-03-18T00:19:23 IST" name="setup" finished-at="2026-03-18T00:19:26 IST" duration-ms="2209" status="PASS">
          <reporter-output>
          </reporter-output>
        </test-method> <!-- setup -->
        <test-method signature="VerifyRegisteringBynotsubscribingtoothenewsletter()[pri:4, instance:tests.RegisterTest@5bda8e08]" started-at="2026-03-18T00:19:26 IST" name="VerifyRegisteringBynotsubscribingtoothenewsletter" finished-at="2026-03-18T00:19:29 IST" duration-ms="2987" status="PASS">
          <reporter-output>
          </reporter-output>
        </test-method> <!-- VerifyRegisteringBynotsubscribingtoothenewsletter -->
        <test-method is-config="true" signature="teardown()[pri:0, instance:tests.RegisterTest@5bda8e08]" started-at="2026-03-18T00:19:29 IST" name="teardown" finished-at="2026-03-18T00:19:29 IST" duration-ms="215" status="PASS">
          <reporter-output>
          </reporter-output>
        </test-method> <!-- teardown -->
      </class> <!-- tests.RegisterTest -->
      <class name="tests.LogoutTest">
        <test-method is-config="true" signature="setup()[pri:0, instance:tests.LogoutTest@185a6e9]" started-at="2026-03-18T00:19:42 IST" name="setup" finished-at="2026-03-18T00:19:44 IST" duration-ms="2800" status="PASS">
          <reporter-output>
          </reporter-output>
        </test-method> <!-- setup -->
        <test-method signature="logout_from_myaccount_dropmenu()[pri:1, instance:tests.LogoutTest@185a6e9]" started-at="2026-03-18T00:19:44 IST" name="logout_from_myaccount_dropmenu" finished-at="2026-03-18T00:19:46 IST" duration-ms="1559" status="PASS">
          <reporter-output>
          </reporter-output>
        </test-method> <!-- logout_from_myaccount_dropmenu -->
        <test-method is-config="true" signature="teardown()[pri:0, instance:tests.LogoutTest@185a6e9]" started-at="2026-03-18T00:19:46 IST" name="teardown" finished-at="2026-03-18T00:19:46 IST" duration-ms="231" status="PASS">
          <reporter-output>
          </reporter-output>
        </test-method> <!-- teardown -->
        <test-method is-config="true" signature="setup()[pri:0, instance:tests.LogoutTest@185a6e9]" started-at="2026-03-18T00:19:46 IST" name="setup" finished-at="2026-03-18T00:19:49 IST" duration-ms="2702" status="PASS">
          <reporter-output>
          </reporter-output>
        </test-method> <!-- setup -->
        <test-method signature="logout_from_right_dropmenu()[pri:2, instance:tests.LogoutTest@185a6e9]" started-at="2026-03-18T00:19:49 IST" name="logout_from_right_dropmenu" finished-at="2026-03-18T00:19:51 IST" duration-ms="2323" status="PASS">
          <reporter-output>
          </reporter-output>
        </test-method> <!-- logout_from_right_dropmenu -->
        <test-method is-config="true" signature="teardown()[pri:0, instance:tests.LogoutTest@185a6e9]" started-at="2026-03-18T00:19:51 IST" name="teardown" finished-at="2026-03-18T00:19:51 IST" duration-ms="248" status="PASS">
          <reporter-output>
          </reporter-output>
        </test-method> <!-- teardown -->
      </class> <!-- tests.LogoutTest -->
    </test> <!-- Test -->
  </suite> <!-- Suite -->
</testng-results>
