<?xml version="1.0" encoding="UTF-8"?>
<!-- Generated by org.testng.reporters.JUnitReportReporter -->
<testsuite hostname="DESKTOP-642T1BV" failures="0" tests="4" name="tests.Register" time="25.463" errors="0" timestamp="2026-02-26T00:27:42 IST" skipped="0">
  <testcase classname="tests.Register" name="Verify_RegisterAccount_using_Mandatory_fields" time="6.228"/>
  <testcase classname="tests.Register" name="VerifyRegisterAccountusingallrequiredfields" time="6.669"/>
  <testcase classname="tests.Register" name="VerifyRegisteringBysubscribingtoothenewsletter" time="6.306"/>
  <testcase classname="tests.Register" name="VerifyRegisteringBynotsubscribingtoothenewsletter" time="6.260"/>
</testsuite> <!-- tests.Register -->
