<?xml version="1.0" encoding="UTF-8"?>
<!-- Generated by org.testng.reporters.JUnitReportReporter -->
<testsuite hostname="DESKTOP-642T1BV" failures="0" tests="5" name="tests.loginTest" time="28.725" errors="0" timestamp="2026-03-14T17:54:06 IST" skipped="0">
  <testcase classname="tests.loginTest" name="Verify_login_with_valid_credentails" time="4.883"/>
  <testcase classname="tests.loginTest" name="Verify_login_with_invalid_credentails" time="12.466"/>
  <testcase classname="tests.loginTest" name="Verify_login_with_valid_email_and_invalid_pwd" time="3.531"/>
  <testcase classname="tests.loginTest" name="Verify_login_with_invalid_email_and_valid_pwd" time="4.573"/>
  <testcase classname="tests.loginTest" name="Verifyloginwithoutanycredentials" time="3.272"/>
</testsuite> <!-- tests.loginTest -->
