<?xml version="1.0" encoding="UTF-8"?>
<!-- Generated by org.testng.reporters.JUnitReportReporter -->
<testsuite hostname="DESKTOP-642T1BV" failures="0" tests="3" name="tests.searchTest" time="12.745" errors="0" timestamp="2026-03-18T00:19:53 IST" skipped="0">
  <testcase classname="tests.searchTest" name="searching_with_an_existing_Product_Name" time="5.013"/>
  <testcase classname="tests.searchTest" name="searching_with_a_non_existing_Product_Name" time="4.421"/>
  <testcase classname="tests.searchTest" name="searching_without_providing_any_Product_Name" time="3.311"/>
</testsuite> <!-- tests.searchTest -->
