<?xml version="1.0" encoding="UTF-8"?>
<!-- Generated by org.testng.reporters.JUnitReportReporter -->
<testsuite hostname="DESKTOP-642T1BV" failures="0" tests="4" name="tests.Register" time="20.181" errors="0" timestamp="2026-03-12T00:30:36 IST" skipped="0">
  <testcase classname="tests.Register" name="Verify_RegisterAccount_using_Mandatory_fields" time="4.481"/>
  <testcase classname="tests.Register" name="VerifyRegisterAccountusingallrequiredfields" time="4.945"/>
  <testcase classname="tests.Register" name="VerifyRegisteringBysubscribingtoothenewsletter" time="5.452"/>
  <testcase classname="tests.Register" name="VerifyRegisteringBynotsubscribingtoothenewsletter" time="5.303"/>
</testsuite> <!-- tests.Register -->
