<?xml version="1.0" encoding="UTF-8"?>
<!-- Generated by org.testng.reporters.JUnitReportReporter -->
<testsuite hostname="DESKTOP-642T1BV" failures="0" tests="5" name="tests.login" time="23.968" errors="0" timestamp="2026-02-26T00:27:42 IST" skipped="0">
  <testcase classname="tests.login" name="Verify_login_with_valid_credentails" time="4.313"/>
  <testcase classname="tests.login" name="Verify_login_with_invalid_credentails" time="4.364"/>
  <testcase classname="tests.login" name="Verify_login_with_valid_email_and_invalid_pwd" time="6.263"/>
  <testcase classname="tests.login" name="Verify_login_with_invalid_email_and_valid_pwd" time="4.610"/>
  <testcase classname="tests.login" name="Verifyloginwithoutanycredentials" time="4.418"/>
</testsuite> <!-- tests.login -->
