<?xml version="1.0" encoding="UTF-8"?>
<!-- Generated by org.testng.reporters.JUnitReportReporter -->
<testsuite hostname="DESKTOP-642T1BV" failures="0" tests="3" name="tests.search" time="26.285" errors="0" timestamp="2026-03-12T00:30:36 IST" skipped="0">
  <testcase classname="tests.search" name="searching_with_an_existing_Product_Name" time="6.956"/>
  <testcase classname="tests.search" name="searching_with_a_non_existing_Product_Name" time="15.887"/>
  <testcase classname="tests.search" name="searching_without_providing_any_Product_Name" time="3.442"/>
</testsuite> <!-- tests.search -->
