<?xml version="1.0" encoding="UTF-8"?>
<!-- Generated by org.testng.reporters.JUnitReportReporter -->
<testsuite hostname="DESKTOP-642T1BV" failures="0" tests="4" name="tests.RegisterTest" time="23.728" errors="0" timestamp="2026-03-14T13:52:24 IST" skipped="0">
  <testcase classname="tests.RegisterTest" name="Verify_RegisterAccount_using_Mandatory_fields" time="4.574"/>
  <testcase classname="tests.RegisterTest" name="VerifyRegisterAccountusingallrequiredfields" time="7.429"/>
  <testcase classname="tests.RegisterTest" name="VerifyRegisteringBysubscribingtoothenewsletter" time="5.809"/>
  <testcase classname="tests.RegisterTest" name="VerifyRegisteringBynotsubscribingtoothenewsletter" time="5.916"/>
</testsuite> <!-- tests.RegisterTest -->
