<?xml version="1.0" encoding="UTF-8"?>
<!-- Generated by org.testng.reporters.JUnitReportReporter -->
<testsuite hostname="DESKTOP-642T1BV" failures="0" tests="3" name="tests.search" time="14.886" errors="0" timestamp="2026-02-26T00:27:42 IST" skipped="0">
  <testcase classname="tests.search" name="searching_with_an_existing_Product_Name" time="3.820"/>
  <testcase classname="tests.search" name="searching_with_a_non_existing_Product_Name" time="4.741"/>
  <testcase classname="tests.search" name="searching_without_providing_any_Product_Name" time="6.325"/>
</testsuite> <!-- tests.search -->
