<?xml version="1.0" encoding="UTF-8"?>
<!-- Generated by org.testng.reporters.JUnitReportReporter -->
<testsuite hostname="DESKTOP-642T1BV" failures="0" tests="7" name="tests.login" time="30.739" errors="0" timestamp="2026-03-12T00:30:36 IST" skipped="0">
  <testcase classname="tests.login" name="Verify_login_with_valid_credentails" time="4.444"/>
  <testcase classname="tests.login" name="Verify_login_with_valid_credentails" time="4.063"/>
  <testcase classname="tests.login" name="Verify_login_with_valid_credentails" time="4.906"/>
  <testcase classname="tests.login" name="Verify_login_with_invalid_credentails" time="4.341"/>
  <testcase classname="tests.login" name="Verify_login_with_valid_email_and_invalid_pwd" time="3.544"/>
  <testcase classname="tests.login" name="Verify_login_with_invalid_email_and_valid_pwd" time="6.032"/>
  <testcase classname="tests.login" name="Verifyloginwithoutanycredentials" time="3.409"/>
</testsuite> <!-- tests.login -->
