<?xml version="1.0" encoding="UTF-8"?>
<!-- Generated by org.testng.reporters.JUnitReportReporter -->
<testsuite hostname="DESKTOP-642T1BV" failures="0" tests="5" name="tests.loginTest" time="33.619" errors="0" timestamp="2026-03-17T00:36:16 IST" skipped="0">
  <testcase classname="tests.loginTest" name="Verify_login_with_valid_credentails" time="10.794"/>
  <testcase classname="tests.loginTest" name="Verify_login_with_invalid_credentails" time="5.995"/>
  <testcase classname="tests.loginTest" name="Verify_login_with_valid_email_and_invalid_pwd" time="5.304"/>
  <testcase classname="tests.loginTest" name="Verify_login_with_invalid_email_and_valid_pwd" time="6.139"/>
  <testcase classname="tests.loginTest" name="Verifyloginwithoutanycredentials" time="5.387"/>
</testsuite> <!-- tests.loginTest -->
