<?xml version="1.0" encoding="UTF-8"?>
<!-- Generated by org.testng.reporters.JUnitReportReporter -->
<testsuite hostname="DESKTOP-642T1BV" failures="0" tests="4" name="tests.RegisterTest" time="43.529" errors="0" timestamp="2026-03-17T00:36:16 IST" skipped="0">
  <testcase classname="tests.RegisterTest" name="Verify_RegisterAccount_using_Mandatory_fields" time="10.213"/>
  <testcase classname="tests.RegisterTest" name="VerifyRegisterAccountusingallrequiredfields" time="10.528"/>
  <testcase classname="tests.RegisterTest" name="VerifyRegisteringBysubscribingtoothenewsletter" time="11.528"/>
  <testcase classname="tests.RegisterTest" name="VerifyRegisteringBynotsubscribingtoothenewsletter" time="11.260"/>
</testsuite> <!-- tests.RegisterTest -->
