<?xml version="1.0" encoding="UTF-8"?>
<!-- Generated by org.testng.reporters.JUnitReportReporter -->
<testsuite hostname="DESKTOP-642T1BV" failures="0" tests="5" name="tests.loginTest" time="25.696" errors="0" timestamp="2026-03-18T00:43:43 IST" skipped="0">
  <testcase classname="tests.loginTest" name="Verify_login_with_valid_credentails" time="9.167"/>
  <testcase classname="tests.loginTest" name="Verify_login_with_invalid_credentails" time="4.409"/>
  <testcase classname="tests.loginTest" name="Verify_login_with_valid_email_and_invalid_pwd" time="4.250"/>
  <testcase classname="tests.loginTest" name="Verify_login_with_invalid_email_and_valid_pwd" time="4.111"/>
  <testcase classname="tests.loginTest" name="Verifyloginwithoutanycredentials" time="3.759"/>
</testsuite> <!-- tests.loginTest -->
