<?xml version="1.0" encoding="UTF-8"?>
<!-- Generated by org.testng.reporters.JUnitReportReporter -->
<testsuite hostname="DESKTOP-642T1BV" failures="0" tests="3" name="tests.searchTest" time="22.381" errors="0" timestamp="2026-03-17T00:36:16 IST" skipped="0">
  <testcase classname="tests.searchTest" name="searching_with_an_existing_Product_Name" time="6.929"/>
  <testcase classname="tests.searchTest" name="searching_with_a_non_existing_Product_Name" time="8.123"/>
  <testcase classname="tests.searchTest" name="searching_without_providing_any_Product_Name" time="7.329"/>
</testsuite> <!-- tests.searchTest -->
